# JRE version: OpenJDK Runtime Environment Temurin-21.0.11+10 (21.0.11+10) (build 21.0.11+10-LTS)
# Java VM: OpenJDK 64-Bit Server VM Temurin-21.0.11+10 (21.0.11+10-LTS, mixed mode, sharing, tiered, compressed oops, compressed class ptrs, parallel gc, windows-amd64)
GC Precious Log:
 CardTable entry size: 512
 CPUs: 16 total, 16 available
 Memory: 15987M
 Large Page Support: Disabled
 NUMA Support: Disabled
 Compressed Oops: Enabled (32-bit)
 Alignments: Space 512K, Generation 512K, Heap 2M
 Heap Min Capacity: 100M
 Heap Initial Capacity: 100M
 Heap Max Capacity: 2G
 Pre-touch: Disabled
 Parallel Workers: 13
Heap:
 PSYoungGen      total 4608K, used 2501K [0x00000000d5580000, 0x00000000d5e00000, 0x0000000100000000)
  eden space 4096K, 54% used [0x00000000d5580000,0x00000000d57a9650,0x00000000d5980000)
  from space 512K, 56% used [0x00000000d5d80000,0x00000000d5dc8000,0x00000000d5e00000)
  to   space 1536K, 0% used [0x00000000d5b00000,0x00000000d5b00000,0x00000000d5c80000)
 ParOldGen       total 1239552K, used 1239332K [0x0000000080000000, 0x00000000cba80000, 0x00000000d5580000)
  object space 1239552K, 99% used [0x0000000080000000,0x00000000cba493e0,0x00000000cba80000)
 Metaspace       used 88912K, committed 90752K, reserved 1179648K
  class space    used 9012K, committed 9856K, reserved 1048576K
GC Heap History (20 events):
Event: 3677.965 GC heap before
{Heap before GC invocations=1857 (full 4):
 PSYoungGen      total 4096K, used 4070K [0x00000000d5580000, 0x00000000d5d80000, 0x0000000100000000)
  eden space 3072K, 100% used [0x00000000d5580000,0x00000000d5880000,0x00000000d5880000)
  from space 1024K, 97% used [0x00000000d5c80000,0x00000000d5d79b00,0x00000000d5d80000)
  to   space 2048K, 0% used [0x00000000d5980000,0x00000000d5980000,0x00000000d5b80000)
 ParOldGen       total 1217024K, used 1216517K [0x0000000080000000, 0x00000000ca480000, 0x00000000d5580000)
  object space 1217024K, 99% used [0x0000000080000000,0x00000000ca401510,0x00000000ca480000)
 Metaspace       used 88883K, committed 90752K, reserved 1179648K
  class space    used 9009K, committed 9856K, reserved 1048576K
}
Event: 3677.967 GC heap after
{Heap after GC invocations=1857 (full 4):
 PSYoungGen      total 5120K, used 2048K [0x00000000d5580000, 0x00000000d6280000, 0x0000000100000000)
  eden space 3072K, 0% used [0x00000000d5580000,0x00000000d5580000,0x00000000d5880000)
  from space 2048K, 100% used [0x00000000d5980000,0x00000000d5b80000,0x00000000d5b80000)
  to   space 5120K, 0% used [0x00000000d5d80000,0x00000000d5d80000,0x00000000d6280000)
 ParOldGen       total 1219072K, used 1218788K [0x0000000080000000, 0x00000000ca680000, 0x00000000d5580000)
  object space 1219072K, 99% used [0x0000000080000000,0x00000000ca639240,0x00000000ca680000)
 Metaspace       used 88883K, committed 90752K, reserved 1179648K
  class space    used 9009K, committed 9856K, reserved 1048576K
}
Event: 3677.971 GC heap before
{Heap before GC invocations=1858 (full 4):
 PSYoungGen      total 5120K, used 4938K [0x00000000d5580000, 0x00000000d6280000, 0x0000000100000000)
  eden space 3072K, 94% used [0x00000000d5580000,0x00000000d5852900,0x00000000d5880000)
  from space 2048K, 100% used [0x00000000d5980000,0x00000000d5b80000,0x00000000d5b80000)
  to   space 5120K, 0% used [0x00000000d5d80000,0x00000000d5d80000,0x00000000d6280000)
 ParOldGen       total 1219072K, used 1218788K [0x0000000080000000, 0x00000000ca680000, 0x00000000d5580000)
  object space 1219072K, 99% used [0x0000000080000000,0x00000000ca639240,0x00000000ca680000)
 Metaspace       used 88883K, committed 90752K, reserved 1179648K
  class space    used 9009K, committed 9856K, reserved 1048576K
}
Event: 3677.973 GC heap after
{Heap after GC invocations=1858 (full 4):
 PSYoungGen      total 7168K, used 2512K [0x00000000d5580000, 0x00000000d6080000, 0x0000000100000000)
  eden space 4096K, 0% used [0x00000000d5580000,0x00000000d5580000,0x00000000d5980000)
  from space 3072K, 81% used [0x00000000d5d80000,0x00000000d5ff4000,0x00000000d6080000)
  to   space 3584K, 0% used [0x00000000d5980000,0x00000000d5980000,0x00000000d5d00000)
 ParOldGen       total 1221120K, used 1220900K [0x0000000080000000, 0x00000000ca880000, 0x00000000d5580000)
  object space 1221120K, 99% used [0x0000000080000000,0x00000000ca849240,0x00000000ca880000)
 Metaspace       used 88883K, committed 90752K, reserved 1179648K
  class space    used 9009K, committed 9856K, reserved 1048576K
}
Event: 3677.984 GC heap before
{Heap before GC invocations=1859 (full 4):
 PSYoungGen      total 7168K, used 6572K [0x00000000d5580000, 0x00000000d6080000, 0x0000000100000000)
  eden space 4096K, 99% used [0x00000000d5580000,0x00000000d5977388,0x00000000d5980000)
  from space 3072K, 81% used [0x00000000d5d80000,0x00000000d5ff4000,0x00000000d6080000)
  to   space 3584K, 0% used [0x00000000d5980000,0x00000000d5980000,0x00000000d5d00000)
 ParOldGen       total 1221120K, used 1220900K [0x0000000080000000, 0x00000000ca880000, 0x00000000d5580000)
  object space 1221120K, 99% used [0x0000000080000000,0x00000000ca849240,0x00000000ca880000)
 Metaspace       used 88883K, committed 90752K, reserved 1179648K
  class space    used 9009K, committed 9856K, reserved 1048576K
}
Event: 3677.987 GC heap after
{Heap after GC invocations=1859 (full 4):
 PSYoungGen      total 7680K, used 3577K [0x00000000d5580000, 0x00000000d6880000, 0x0000000100000000)
  eden space 4096K, 0% used [0x00000000d5580000,0x00000000d5580000,0x00000000d5980000)
  from space 3584K, 99% used [0x00000000d5980000,0x00000000d5cfe440,0x00000000d5d00000)
  to   space 7168K, 0% used [0x00000000d6180000,0x00000000d6180000,0x00000000d6880000)
 ParOldGen       total 1223680K, used 1223468K [0x0000000080000000, 0x00000000cab00000, 0x00000000d5580000)
  object space 1223680K, 99% used [0x0000000080000000,0x00000000caacb240,0x00000000cab00000)
 Metaspace       used 88883K, committed 90752K, reserved 1179648K
  class space    used 9009K, committed 9856K, reserved 1048576K
}
Event: 3678.241 GC heap before
{Heap before GC invocations=1860 (full 4):
 PSYoungGen      total 7680K, used 7673K [0x00000000d5580000, 0x00000000d6880000, 0x0000000100000000)
  eden space 4096K, 100% used [0x00000000d5580000,0x00000000d5980000,0x00000000d5980000)
  from space 3584K, 99% used [0x00000000d5980000,0x00000000d5cfe440,0x00000000d5d00000)
  to   space 7168K, 0% used [0x00000000d6180000,0x00000000d6180000,0x00000000d6880000)
 ParOldGen       total 1223680K, used 1223468K [0x0000000080000000, 0x00000000cab00000, 0x00000000d5580000)
  object space 1223680K, 99% used [0x0000000080000000,0x00000000caacb240,0x00000000cab00000)
 Metaspace       used 88895K, committed 90752K, reserved 1179648K
  class space    used 9012K, committed 9856K, reserved 1048576K
}
Event: 3678.243 GC heap after
{Heap after GC invocations=1860 (full 4):
 PSYoungGen      total 5632K, used 1312K [0x00000000d5580000, 0x00000000d6300000, 0x0000000100000000)
  eden space 4096K, 0% used [0x00000000d5580000,0x00000000d5580000,0x00000000d5980000)
  from space 1536K, 85% used [0x00000000d6180000,0x00000000d62c8040,0x00000000d6300000)
  to   space 3072K, 0% used [0x00000000d5d00000,0x00000000d5d00000,0x00000000d6000000)
 ParOldGen       total 1226752K, used 1226717K [0x0000000080000000, 0x00000000cae00000, 0x00000000d5580000)
  object space 1226752K, 99% used [0x0000000080000000,0x00000000cadf7460,0x00000000cae00000)
 Metaspace       used 88895K, committed 90752K, reserved 1179648K
  class space    used 9012K, committed 9856K, reserved 1048576K
}
Event: 3678.560 GC heap before
{Heap before GC invocations=1861 (full 4):
 PSYoungGen      total 5632K, used 5402K [0x00000000d5580000, 0x00000000d6300000, 0x0000000100000000)
  eden space 4096K, 99% used [0x00000000d5580000,0x00000000d597e830,0x00000000d5980000)
  from space 1536K, 85% used [0x00000000d6180000,0x00000000d62c8040,0x00000000d6300000)
  to   space 3072K, 0% used [0x00000000d5d00000,0x00000000d5d00000,0x00000000d6000000)
 ParOldGen       total 1226752K, used 1226717K [0x0000000080000000, 0x00000000cae00000, 0x00000000d5580000)
  object space 1226752K, 99% used [0x0000000080000000,0x00000000cadf7460,0x00000000cae00000)
 Metaspace       used 88896K, committed 90752K, reserved 1179648K
  class space    used 9012K, committed 9856K, reserved 1048576K
}
Event: 3678.561 GC heap after
{Heap after GC invocations=1861 (full 4):
 PSYoungGen      total 7168K, used 416K [0x00000000d5580000, 0x00000000d6200000, 0x0000000100000000)
  eden space 4096K, 0% used [0x00000000d5580000,0x00000000d5580000,0x00000000d5980000)
  from space 3072K, 13% used [0x00000000d5d00000,0x00000000d5d68000,0x00000000d6000000)
  to   space 1536K, 0% used [0x00000000d6080000,0x00000000d6080000,0x00000000d6200000)
 ParOldGen       total 1228288K, used 1227938K [0x0000000080000000, 0x00000000caf80000, 0x00000000d5580000)
  object space 1228288K, 99% used [0x0000000080000000,0x00000000caf28930,0x00000000caf80000)
 Metaspace       used 88896K, committed 90752K, reserved 1179648K
  class space    used 9012K, committed 9856K, reserved 1048576K
}
Event: 3679.175 GC heap before
{Heap before GC invocations=1862 (full 4):
 PSYoungGen      total 7168K, used 4512K [0x00000000d5580000, 0x00000000d6200000, 0x0000000100000000)
  eden space 4096K, 100% used [0x00000000d5580000,0x00000000d5980000,0x00000000d5980000)
  from space 3072K, 13% used [0x00000000d5d00000,0x00000000d5d68000,0x00000000d6000000)
  to   space 1536K, 0% used [0x00000000d6080000,0x00000000d6080000,0x00000000d6200000)
 ParOldGen       total 1228288K, used 1227938K [0x0000000080000000, 0x00000000caf80000, 0x00000000d5580000)
  object space 1228288K, 99% used [0x0000000080000000,0x00000000caf28930,0x00000000caf80000)
 Metaspace       used 88902K, committed 90752K, reserved 1179648K
  class space    used 9012K, committed 9856K, reserved 1048576K
}
Event: 3679.176 GC heap after
{Heap after GC invocations=1862 (full 4):
 PSYoungGen      total 5632K, used 1510K [0x00000000d5580000, 0x00000000d6200000, 0x0000000100000000)
  eden space 4096K, 0% used [0x00000000d5580000,0x00000000d5580000,0x00000000d5980000)
  from space 1536K, 98% used [0x00000000d6080000,0x00000000d61f9b00,0x00000000d6200000)
  to   space 2048K, 0% used [0x00000000d5e00000,0x00000000d5e00000,0x00000000d6000000)
 ParOldGen       total 1228288K, used 1228154K [0x0000000080000000, 0x00000000caf80000, 0x00000000d5580000)
  object space 1228288K, 99% used [0x0000000080000000,0x00000000caf5e930,0x00000000caf80000)
 Metaspace       used 88902K, committed 90752K, reserved 1179648K
  class space    used 9012K, committed 9856K, reserved 1048576K
}
Event: 3679.181 GC heap before
{Heap before GC invocations=1863 (full 4):
 PSYoungGen      total 5632K, used 5594K [0x00000000d5580000, 0x00000000d6200000, 0x0000000100000000)
  eden space 4096K, 99% used [0x00000000d5580000,0x00000000d597cf60,0x00000000d5980000)
  from space 1536K, 98% used [0x00000000d6080000,0x00000000d61f9b00,0x00000000d6200000)
  to   space 2048K, 0% used [0x00000000d5e00000,0x00000000d5e00000,0x00000000d6000000)
 ParOldGen       total 1228288K, used 1228154K [0x0000000080000000, 0x00000000caf80000, 0x00000000d5580000)
  object space 1228288K, 99% used [0x0000000080000000,0x00000000caf5e930,0x00000000caf80000)
 Metaspace       used 88902K, committed 90752K, reserved 1179648K
  class space    used 9012K, committed 9856K, reserved 1048576K
}
Event: 3679.184 GC heap after
{Heap after GC invocations=1863 (full 4):
 PSYoungGen      total 6144K, used 2018K [0x00000000d5580000, 0x00000000d6680000, 0x0000000100000000)
  eden space 4096K, 0% used [0x00000000d5580000,0x00000000d5580000,0x00000000d5980000)
  from space 2048K, 98% used [0x00000000d5e00000,0x00000000d5ff8800,0x00000000d6000000)
  to   space 6656K, 0% used [0x00000000d6000000,0x00000000d6000000,0x00000000d6680000)
 ParOldGen       total 1231872K, used 1231812K [0x0000000080000000, 0x00000000cb300000, 0x00000000d5580000)
  object space 1231872K, 99% used [0x0000000080000000,0x00000000cb2f11c0,0x00000000cb300000)
 Metaspace       used 88902K, committed 90752K, reserved 1179648K
  class space    used 9012K, committed 9856K, reserved 1048576K
}
Event: 3679.198 GC heap before
{Heap before GC invocations=1864 (full 4):
 PSYoungGen      total 6144K, used 6114K [0x00000000d5580000, 0x00000000d6680000, 0x0000000100000000)
  eden space 4096K, 100% used [0x00000000d5580000,0x00000000d5980000,0x00000000d5980000)
  from space 2048K, 98% used [0x00000000d5e00000,0x00000000d5ff8800,0x00000000d6000000)
  to   space 6656K, 0% used [0x00000000d6000000,0x00000000d6000000,0x00000000d6680000)
 ParOldGen       total 1231872K, used 1231812K [0x0000000080000000, 0x00000000cb300000, 0x00000000d5580000)
  object space 1231872K, 99% used [0x0000000080000000,0x00000000cb2f11c0,0x00000000cb300000)
 Metaspace       used 88902K, committed 90752K, reserved 1179648K
  class space    used 9012K, committed 9856K, reserved 1048576K
}
Event: 3679.201 GC heap after
{Heap after GC invocations=1864 (full 4):
 PSYoungGen      total 8192K, used 3696K [0x00000000d5580000, 0x00000000d6400000, 0x0000000100000000)
  eden space 4096K, 0% used [0x00000000d5580000,0x00000000d5580000,0x00000000d5980000)
  from space 4096K, 90% used [0x00000000d6000000,0x00000000d639c220,0x00000000d6400000)
  to   space 4608K, 0% used [0x00000000d5b00000,0x00000000d5b00000,0x00000000d5f80000)
 ParOldGen       total 1233920K, used 1233788K [0x0000000080000000, 0x00000000cb500000, 0x00000000d5580000)
  object space 1233920K, 99% used [0x0000000080000000,0x00000000cb4df1c0,0x00000000cb500000)
 Metaspace       used 88902K, committed 90752K, reserved 1179648K
  class space    used 9012K, committed 9856K, reserved 1048576K
}
Event: 3679.714 GC heap before
{Heap before GC invocations=1865 (full 4):
 PSYoungGen      total 8192K, used 7792K [0x00000000d5580000, 0x00000000d6400000, 0x0000000100000000)
  eden space 4096K, 100% used [0x00000000d5580000,0x00000000d5980000,0x00000000d5980000)
  from space 4096K, 90% used [0x00000000d6000000,0x00000000d639c220,0x00000000d6400000)
  to   space 4608K, 0% used [0x00000000d5b00000,0x00000000d5b00000,0x00000000d5f80000)
 ParOldGen       total 1233920K, used 1233788K [0x0000000080000000, 0x00000000cb500000, 0x00000000d5580000)
  object space 1233920K, 99% used [0x0000000080000000,0x00000000cb4df1c0,0x00000000cb500000)
 Metaspace       used 88907K, committed 90752K, reserved 1179648K
  class space    used 9012K, committed 9856K, reserved 1048576K
}
Event: 3679.716 GC heap after
{Heap after GC invocations=1865 (full 4):
 PSYoungGen      total 6656K, used 2304K [0x00000000d5580000, 0x00000000d6080000, 0x0000000100000000)
  eden space 4096K, 0% used [0x00000000d5580000,0x00000000d5580000,0x00000000d5980000)
  from space 2560K, 90% used [0x00000000d5b00000,0x00000000d5d40000,0x00000000d5d80000)
  to   space 3072K, 0% used [0x00000000d5d80000,0x00000000d5d80000,0x00000000d6080000)
 ParOldGen       total 1237504K, used 1237340K [0x0000000080000000, 0x00000000cb880000, 0x00000000d5580000)
  object space 1237504K, 99% used [0x0000000080000000,0x00000000cb8573e0,0x00000000cb880000)
 Metaspace       used 88907K, committed 90752K, reserved 1179648K
  class space    used 9012K, committed 9856K, reserved 1048576K
}
Event: 3680.929 GC heap before
{Heap before GC invocations=1866 (full 4):
 PSYoungGen      total 6656K, used 6400K [0x00000000d5580000, 0x00000000d6080000, 0x0000000100000000)
  eden space 4096K, 100% used [0x00000000d5580000,0x00000000d5980000,0x00000000d5980000)
  from space 2560K, 90% used [0x00000000d5b00000,0x00000000d5d40000,0x00000000d5d80000)
  to   space 3072K, 0% used [0x00000000d5d80000,0x00000000d5d80000,0x00000000d6080000)
 ParOldGen       total 1237504K, used 1237340K [0x0000000080000000, 0x00000000cb880000, 0x00000000d5580000)
  object space 1237504K, 99% used [0x0000000080000000,0x00000000cb8573e0,0x00000000cb880000)
 Metaspace       used 88908K, committed 90752K, reserved 1179648K
  class space    used 9012K, committed 9856K, reserved 1048576K
}
Event: 3680.931 GC heap after
{Heap after GC invocations=1866 (full 4):
 PSYoungGen      total 4608K, used 288K [0x00000000d5580000, 0x00000000d5e00000, 0x0000000100000000)
  eden space 4096K, 0% used [0x00000000d5580000,0x00000000d5580000,0x00000000d5980000)
  from space 512K, 56% used [0x00000000d5d80000,0x00000000d5dc8000,0x00000000d5e00000)
  to   space 1536K, 0% used [0x00000000d5b00000,0x00000000d5b00000,0x00000000d5c80000)
 ParOldGen       total 1239552K, used 1239332K [0x0000000080000000, 0x00000000cba80000, 0x00000000d5580000)
  object space 1239552K, 99% used [0x0000000080000000,0x00000000cba493e0,0x00000000cba80000)
 Metaspace       used 88908K, committed 90752K, reserved 1179648K
  class space    used 9012K, committed 9856K, reserved 1048576K
}

